SF:C:\Users\valentin\Documents\xxx-code\GitHub\system-monitor\src\SystemMonitor.Core\Implementations\Serializers\TextSerializer.cs
FN:32,System.Threading.Tasks.Task`1<System.String> SystemMonitor.Core.Implementations.Serializers.TextSerializer`1::SerializeDataAsync(TInput)
FNDA:1,System.Threading.Tasks.Task`1<System.String> SystemMonitor.Core.Implementations.Serializers.TextSerializer`1::SerializeDataAsync(TInput)
DA:33,1
DA:34,1
DA:35,1
FN:12,System.Void SystemMonitor.Core.Implementations.Serializers.TextSerializer`1::.ctor(System.String)
FNDA:6,System.Void SystemMonitor.Core.Implementations.Serializers.TextSerializer`1::.ctor(System.String)
DA:13,6
DA:14,6
DA:15,7
DA:16,6
DA:17,4
DA:18,4
BRDA:15,14,0,1
BRDA:15,14,1,5
BRDA:16,38,0,1
BRDA:16,38,1,4
FN:20,System.Void SystemMonitor.Core.Implementations.Serializers.TextSerializer`1/<SerializeAsync>d__2::MoveNext()
FNDA:4,System.Void SystemMonitor.Core.Implementations.Serializers.TextSerializer`1/<SerializeAsync>d__2::MoveNext()
DA:21,4
DA:22,4
DA:23,4
DA:24,4
DA:25,1
DA:26,1
DA:27,1
DA:28,1
DA:29,4
DA:30,4
BRDA:24,73,0,1
BRDA:27,149,1,1
BRDA:24,73,1,4
LF:19
LH:19
BRF:7
BRH:7
FNF:3
FNH:3
end_of_record
SF:C:\Users\valentin\Documents\xxx-code\GitHub\system-monitor\src\SystemMonitor.Core\Implementations\Reporters\TextWriterReporter.cs
FN:14,System.Void SystemMonitor.Core.Implementations.Reporters.TextWriterReporter`1::.ctor(System.IO.TextWriter,SystemMonitor.Core.Contracts.Serializers.ISerializer`2<TData,System.String>)
FNDA:3,System.Void SystemMonitor.Core.Implementations.Reporters.TextWriterReporter`1::.ctor(System.IO.TextWriter,SystemMonitor.Core.Contracts.Serializers.ISerializer`2<TData,System.String>)
DA:15,3
DA:16,3
DA:17,3
DA:18,2
DA:19,1
BRDA:17,11,0,1
BRDA:17,11,1,2
BRDA:18,33,0,1
BRDA:18,33,1,1
FN:21,System.Void SystemMonitor.Core.Implementations.Reporters.TextWriterReporter`1/<ReportAsync>d__3::MoveNext()
FNDA:1,System.Void SystemMonitor.Core.Implementations.Reporters.TextWriterReporter`1/<ReportAsync>d__3::MoveNext()
DA:22,1
DA:23,1
DA:24,1
DA:25,1
BRDA:22,14,0,1
BRDA:23,61,1,1
BRDA:24,197,1,1
LF:9
LH:9
BRF:7
BRH:7
FNF:2
FNH:2
end_of_record
SF:C:\Users\valentin\Documents\xxx-code\GitHub\system-monitor\src\SystemMonitor.Core\Implementations\Monitors\MonitorResult.cs
FN:12,System.Int64 SystemMonitor.Core.Implementations.Monitors.MonitorResult`1::get_Created()
FNDA:11,System.Int64 SystemMonitor.Core.Implementations.Monitors.MonitorResult`1::get_Created()
DA:13,11
FN:13,TData SystemMonitor.Core.Implementations.Monitors.MonitorResult`1::get_Value()
FNDA:12,TData SystemMonitor.Core.Implementations.Monitors.MonitorResult`1::get_Value()
DA:14,12
FN:7,System.Void SystemMonitor.Core.Implementations.Monitors.MonitorResult`1::.ctor()
FNDA:5,System.Void SystemMonitor.Core.Implementations.Monitors.MonitorResult`1::.ctor()
DA:8,5
DA:9,5
DA:10,5
DA:11,5
LF:6
LH:6
BRF:0
BRH:0
FNF:3
FNH:3
end_of_record
SF:C:\Users\valentin\Documents\xxx-code\GitHub\system-monitor\src\SystemMonitor.Core\Contracts\ExtensionMethods\IMonitorResult.cs
FN:7,SystemMonitor.Core.Contracts.Monitors.IMonitorResult`1<T> SystemMonitor.Core.Contracts.ExtensionMethods.IMonitorResult::AsIMonitorResult(SystemMonitor.Core.Contracts.Monitors.IMonitorResult`1<T>)
FNDA:2,SystemMonitor.Core.Contracts.Monitors.IMonitorResult`1<T> SystemMonitor.Core.Contracts.ExtensionMethods.IMonitorResult::AsIMonitorResult(SystemMonitor.Core.Contracts.Monitors.IMonitorResult`1<T>)
DA:8,2
DA:9,2
DA:10,2
LF:3
LH:3
BRF:0
BRH:0
FNF:1
FNH:1
end_of_record